0 silly input [ '/home/ryan/workspace/graph-lib/' ]
1 silly flags { _: [ 'import' ],
1 silly flags   'reject-cycles': false,
1 silly flags   rejectCycles: false,
1 silly flags   pathToRepo: '/home/ryan/workspace/graph-lib/' }
2 verbose rootPath /home/ryan/workspace/graph-tools
3 info version 2.9.0
4 silly isInitialized
5 silly isInitialized true
6 silly existsSync /home/ryan/workspace/graph-tools/VERSION
7 silly initialize attempt
8 silly statSync /home/ryan/workspace/graph-lib
9 silly getWorkspaceRoot
10 verbose getWorkspaceRoot /home/ryan/workspace/graph-tools
11 silly existsSync /home/ryan/workspace/graph-tools/packages/graph-lib
12 silly getCurrentSHA
13 error initialize caught error
14 error Error: fatal: ambiguous argument 'HEAD': unknown revision or path not in the working tree.
14 error Use '--' to separate paths from revisions, like this:
14 error 'git <command> [<revision>...] -- [<file>...]'
14 error
14 error     at Function.module.exports.sync (/home/ryan/.nvm/versions/node/v9.7.1/lib/node_modules/lerna/node_modules/execa/index.js:303:26)
14 error     at Function.execSync (/home/ryan/.nvm/versions/node/v9.7.1/lib/node_modules/lerna/lib/ChildProcessUtilities.js:59:30)
14 error     at Function.getCurrentSHA (/home/ryan/.nvm/versions/node/v9.7.1/lib/node_modules/lerna/lib/GitUtilities.js:213:49)
14 error     at ImportCommand.initialize (/home/ryan/.nvm/versions/node/v9.7.1/lib/node_modules/lerna/lib/commands/ImportCommand.js:155:51)
